<?xml version="1.0" encoding="UTF-8"?>
<!-- Generated by org.testng.reporters.JUnitReportReporter -->
<testsuite hostname="Loki" failures="0" tests="1" name="org.api.tests.TestGetPerson" time="3.137" errors="0" timestamp="2022-01-19T17:14:28 IST" skipped="0">
  <testcase classname="org.api.tests.TestGetPerson" name="testGetAllPerson" time="3.137"/>
  <system-out/>
</testsuite> <!-- org.api.tests.TestGetPerson -->
